02-May-2024 13:41:19.963 INFORMACIÓN [main] org.apache.catalina.startup.VersionLoggerListener.log Nombre de la versión del servidor: Apache Tomcat/9.0.88
02-May-2024 13:41:19.965 INFORMACIÓN [main] org.apache.catalina.startup.VersionLoggerListener.log Server built:                      Apr 9 2024 13:22:30 UTC
02-May-2024 13:41:19.966 INFORMACIÓN [main] org.apache.catalina.startup.VersionLoggerListener.log Número de versión de servidor:     9.0.88.0
02-May-2024 13:41:19.966 INFORMACIÓN [main] org.apache.catalina.startup.VersionLoggerListener.log OS Name:                           Windows 11
02-May-2024 13:41:19.966 INFORMACIÓN [main] org.apache.catalina.startup.VersionLoggerListener.log Versión de Systema Operativo:      10.0
02-May-2024 13:41:19.966 INFORMACIÓN [main] org.apache.catalina.startup.VersionLoggerListener.log Arquitectura:                      amd64
02-May-2024 13:41:19.966 INFORMACIÓN [main] org.apache.catalina.startup.VersionLoggerListener.log Java Home:                         C:\Users\fmdia\.jdks\corretto-17.0.11
02-May-2024 13:41:19.966 INFORMACIÓN [main] org.apache.catalina.startup.VersionLoggerListener.log JVM Version:                       17.0.11+9-LTS
02-May-2024 13:41:19.966 INFORMACIÓN [main] org.apache.catalina.startup.VersionLoggerListener.log Vededor JVM:                       Amazon.com Inc.
02-May-2024 13:41:19.967 INFORMACIÓN [main] org.apache.catalina.startup.VersionLoggerListener.log CATALINA_BASE:                     C:\Users\fmdia\OneDrive\Escritorio\Fran\GimnasioFry\gimnasio-fry-backend\CatalinaBase
02-May-2024 13:41:19.967 INFORMACIÓN [main] org.apache.catalina.startup.VersionLoggerListener.log CATALINA_HOME:                     C:\Tomcat 9.0
02-May-2024 13:41:19.974 INFORMACIÓN [main] org.apache.catalina.startup.VersionLoggerListener.log Command line argument:             --add-opens=java.base/java.lang=ALL-UNNAMED
02-May-2024 13:41:19.974 INFORMACIÓN [main] org.apache.catalina.startup.VersionLoggerListener.log Command line argument:             --add-opens=java.base/java.io=ALL-UNNAMED
02-May-2024 13:41:19.974 INFORMACIÓN [main] org.apache.catalina.startup.VersionLoggerListener.log Command line argument:             --add-opens=java.base/java.util=ALL-UNNAMED
02-May-2024 13:41:19.974 INFORMACIÓN [main] org.apache.catalina.startup.VersionLoggerListener.log Command line argument:             --add-opens=java.base/java.util.concurrent=ALL-UNNAMED
02-May-2024 13:41:19.974 INFORMACIÓN [main] org.apache.catalina.startup.VersionLoggerListener.log Command line argument:             --add-opens=java.rmi/sun.rmi.transport=ALL-UNNAMED
02-May-2024 13:41:19.974 INFORMACIÓN [main] org.apache.catalina.startup.VersionLoggerListener.log Command line argument:             -Dcatalina.home=C:\Tomcat 9.0
02-May-2024 13:41:19.974 INFORMACIÓN [main] org.apache.catalina.startup.VersionLoggerListener.log Command line argument:             -Dcatalina.base=C:\Users\fmdia\OneDrive\Escritorio\Fran\GimnasioFry\gimnasio-fry-backend\CatalinaBase
02-May-2024 13:41:19.974 INFORMACIÓN [main] org.apache.catalina.startup.VersionLoggerListener.log Command line argument:             -Djava.io.tmpdir=C:\Users\fmdia\OneDrive\Escritorio\Fran\GimnasioFry\gimnasio-fry-backend\CatalinaBase\temp
02-May-2024 13:41:19.974 INFORMACIÓN [main] org.apache.catalina.startup.VersionLoggerListener.log Command line argument:             -Djava.util.logging.config.file=C:\Users\fmdia\OneDrive\Escritorio\Fran\GimnasioFry\gimnasio-fry-backend\CatalinaBase\conf\logging.properties
02-May-2024 13:41:19.974 INFORMACIÓN [main] org.apache.catalina.startup.VersionLoggerListener.log Command line argument:             -Djava.util.logging.manager=org.apache.juli.ClassLoaderLogManager
02-May-2024 13:41:19.975 INFORMACIÓN [main] org.apache.catalina.startup.VersionLoggerListener.log Command line argument:             -javaagent:C:\Program Files\JetBrains\IntelliJ IDEA Community Edition 2023.3.3\lib\idea_rt.jar=50222:C:\Program Files\JetBrains\IntelliJ IDEA Community Edition 2023.3.3\bin
02-May-2024 13:41:19.975 INFORMACIÓN [main] org.apache.catalina.startup.VersionLoggerListener.log Command line argument:             -Dfile.encoding=UTF-8
02-May-2024 13:41:19.979 INFORMACIÓN [main] org.apache.catalina.core.AprLifecycleListener.lifecycleEvent La biblioteca nativa de Apache Tomcat basada en ARP que permite un rendimiento óptimo en entornos de desarrollo no ha sido hallada en java.library.path: [C:\Users\fmdia\.jdks\corretto-17.0.11\bin;C:\Windows\Sun\Java\bin;C:\Windows\system32;C:\Windows;C:\Python312\Scripts\;C:\Python312\;C:\Program Files (x86)\Common Files\Oracle\Java\javapath;C:\Windows\system32;C:\Windows;C:\Windows\System32\Wbem;C:\Windows\System32\WindowsPowerShell\v1.0\;C:\Windows\System32\OpenSSH\;C:\Program Files\TortoiseSVN\bin;C:\Program Files\Java\jdk1.8.0_202\bin;C:\Maven\apache-maven-3.8.3\bin;C:\Program Files\Git\cmd;C:\Program Files\nodejs\;C:\ProgramData\chocolatey\bin;C:\Users\fmdia\AppData\Local\Microsoft\WindowsApps;;C:\Program Files\JetBrains\IntelliJ IDEA Community Edition 2023.3.3\bin;;C:\Users\fmdia\AppData\Local\Programs\Microsoft VS Code\bin;C:\Users\fmdia\AppData\Roaming\npm;C:\Program Files\heroku\bin;.]
02-May-2024 13:41:20.153 INFORMACIÓN [main] org.apache.coyote.AbstractProtocol.init Inicializando el manejador de protocolo ["http-nio-8080"]

02-May-2024 13:41:20.167 INFORMACIÓN [main] org.apache.catalina.startup.Catalina.load Server initialization in [379] milliseconds
02-May-2024 13:41:20.225 INFORMACIÓN [main] org.apache.catalina.core.StandardService.startInternal Arrancando servicio [Catalina]
02-May-2024 13:41:20.225 INFORMACIÓN [main] org.apache.catalina.core.StandardEngine.startInternal Starting Servlet engine: [Apache Tomcat/9.0.88]
02-May-2024 13:41:20.235 INFORMACIÓN [main] org.apache.catalina.startup.HostConfig.deployDescriptor Desplieque del descriptor de configuración [C:\Users\fmdia\OneDrive\Escritorio\Fran\GimnasioFry\gimnasio-fry-backend\CatalinaBase\conf\Catalina\localhost\gimnasio-fry-backend-0.0.1-SNAPSHOT.xml]
02-May-2024 13:41:20.259 ADVERTENCIA [main] org.apache.catalina.startup.HostConfig.deployDescriptor Se ha especificado un docBase [C:\Users\fmdia\OneDrive\Escritorio\Fran\GimnasioFry\gimnasio-fry-backend\CatalinaBase\webapps] dentro del appBase de la máquina y será ignorado
02-May-2024 13:41:24.666 ADVERTENCIA [main] org.apache.tomcat.util.descriptor.web.WebXml.setVersion Unknown version string [6.0]. Default version will be used.
02-May-2024 13:41:24.697 ADVERTENCIA [main] org.apache.tomcat.util.descriptor.web.WebXml.setVersion Unknown version string [5.0]. Default version will be used.
02-May-2024 13:41:27.817 INFORMACIÓN [main] org.apache.jasper.servlet.TldScanner.scanJars Al menos un JAR, que se ha explorado buscando TLDs, aún no contenía TLDs. Activar historial de depuración para este historiador para una completa lista de los JARs que fueron explorados y de los que nos se halló TLDs. Saltarse JARs no necesarios durante la exploración puede dar lugar a una mejora de tiempo significativa en el arranque y compilación de JSP .
02-May-2024 13:41:27.886 INFORMACIÓN [main] org.apache.catalina.startup.HostConfig.deployDescriptor Deployment of deployment descriptor [C:\Users\fmdia\OneDrive\Escritorio\Fran\GimnasioFry\gimnasio-fry-backend\CatalinaBase\conf\Catalina\localhost\gimnasio-fry-backend-0.0.1-SNAPSHOT.xml] has finished in [7.650] ms
02-May-2024 13:41:27.890 INFORMACIÓN [main] org.apache.coyote.AbstractProtocol.start Starting ProtocolHandler ["http-nio-8080"]
02-May-2024 13:41:27.915 INFORMACIÓN [main] org.apache.catalina.startup.Catalina.start Server startup in [7746] milliseconds
